\BOOKMARK [0][-]{chapter.1}{1 Physiological Reactions to Threats}{}% 1
\BOOKMARK [1][-]{section.1.1}{1.1 Perception of Threats}{chapter.1}% 2
\BOOKMARK [2][-]{subsection.1.1.1}{1.1.1 Changes in Behaviour due to Perception}{section.1.1}% 3
\BOOKMARK [2][-]{subsection.1.1.2}{1.1.2 Bodily Changes as Result of Threat Perception}{section.1.1}% 4
\BOOKMARK [1][-]{section.1.2}{1.2 Cognitive Respond to Threats}{chapter.1}% 5
\BOOKMARK [2][-]{subsection.1.2.1}{1.2.1 Changes in Cognitive Response}{section.1.2}% 6
\BOOKMARK [1][-]{section.1.3}{1.3 Motor Processor}{chapter.1}% 7
\BOOKMARK [2][-]{subsection.1.3.1}{1.3.1 Fight}{section.1.3}% 8
\BOOKMARK [2][-]{subsection.1.3.2}{1.3.2 Flight}{section.1.3}% 9
\BOOKMARK [2][-]{subsection.1.3.3}{1.3.3 Freeze}{section.1.3}% 10
\BOOKMARK [2][-]{subsection.1.3.4}{1.3.4 Tend/Befriend}{section.1.3}% 11
\BOOKMARK [0][-]{chapter.2}{2 Experiment}{}% 12
\BOOKMARK [1][-]{section.2.1}{2.1 Methods}{chapter.2}% 13
\BOOKMARK [1][-]{section.2.2}{2.2 Participants}{chapter.2}% 14
\BOOKMARK [1][-]{section.2.3}{2.3 Procedure}{chapter.2}% 15
\BOOKMARK [1][-]{section.2.4}{2.4 Results}{chapter.2}% 16
\BOOKMARK [0][-]{chapter.3}{3 Discussion and Conclusion}{}% 17
\BOOKMARK [1][-]{section.3.1}{3.1 Discussion}{chapter.3}% 18
\BOOKMARK [1][-]{section.3.2}{3.2 Conclusion}{chapter.3}% 19
\BOOKMARK [0][-]{chapter*.1}{Bibliography}{}% 20
\BOOKMARK [0][-]{appendix.A}{A \040}{}% 21
\BOOKMARK [1][-]{section.A.1}{A.1 Game Design}{appendix.A}% 22
\BOOKMARK [1][-]{section.A.2}{A.2 Test Setup}{appendix.A}% 23
\BOOKMARK [1][-]{section.A.3}{A.3 Test Results}{appendix.A}% 24
